<?xml version="1.0" encoding="UTF-8"?>
<!-- Generated by org.testng.reporters.JUnitXMLReporter -->
<testsuite ignored="0" hostname="MSI" failures="0" tests="3" name="Test2" time="13.689" errors="0" timestamp="2022-06-03T19:06:31 SGT">
  <testcase classname="Test.TestNG_Demo" name="googleSearch" time="1.886"/>
  <testcase classname="Test.TestNG_Demo2" name="googleSearch2" time="1.995"/>
  <testcase classname="Test.TestNG_Demo2" name="googleSearch3" time="1.236"/>
</testsuite> <!-- Test2 -->
